<?xml version="1.0" encoding="UTF-8"?>
<!-- Generated by org.testng.reporters.JUnitXMLReporter -->
<testsuite ignored="0" hostname="DESKTOP-FLBAR84" failures="0" tests="7" name="Default test" time="139.873" errors="0" timestamp="06 Nov 2019 20:28:00 GMT">
  <testcase classname="com.cheapflights.qa.testcases.FlightsPageTest" name="homePageTitleTest" time="0.032"/>
  <testcase classname="com.cheapflights.qa.testcases.FlightsPageTest" name="cheapFlightsLogoTest" time="0.095"/>
  <testcase classname="com.cheapflights.qa.testcases.FlightsPageTest" name="tripType" time="0.098"/>
  <testcase classname="com.cheapflights.qa.testcases.FlightsPageTest" name="destinationPlace" time="5.302"/>
  <testcase classname="com.cheapflights.qa.testcases.FlightsPageTest" name="selectDestination" time="0.337"/>
  <testcase classname="com.cheapflights.qa.testcases.FlightsPageTest" name="tripDate" time="7.366"/>
  <testcase classname="com.cheapflights.qa.testcases.FlightsPageTest" name="travelersCount" time="0.14"/>
</testsuite> <!-- Default test -->
