<?xml version="1.0" encoding="UTF-8"?>
<testng-results ignored="0" total="7" passed="7" failed="0" skipped="0">
  <reporter-output>
  </reporter-output>
  <suite started-at="2019-11-06T20:25:40Z" name="Default suite" finished-at="2019-11-06T20:28:00Z" duration-ms="139873">
    <groups>
    </groups>
    <test started-at="2019-11-06T20:25:40Z" name="Default test" finished-at="2019-11-06T20:28:00Z" duration-ms="139873">
      <class name="com.cheapflights.qa.testcases.FlightsPageTest">
        <test-method is-config="true" signature="flights()[pri:0, instance:com.cheapflights.qa.testcases.FlightsPageTest@762ef0ea]" started-at="2019-11-06T20:25:40Z" name="flights" finished-at="2019-11-06T20:27:46Z" duration-ms="126419" status="PASS">
          <reporter-output>
          </reporter-output>
        </test-method> <!-- flights -->
        <test-method signature="homePageTitleTest()[pri:1, instance:com.cheapflights.qa.testcases.FlightsPageTest@762ef0ea]" started-at="2019-11-06T20:27:46Z" name="homePageTitleTest" finished-at="2019-11-06T20:27:47Z" duration-ms="32" status="PASS">
          <reporter-output>
          </reporter-output>
        </test-method> <!-- homePageTitleTest -->
        <test-method is-config="true" signature="tearDown()[pri:0, instance:com.cheapflights.qa.testcases.FlightsPageTest@762ef0ea]" started-at="2019-11-06T20:27:47Z" name="tearDown" finished-at="2019-11-06T20:27:47Z" duration-ms="0" status="PASS">
          <reporter-output>
          </reporter-output>
        </test-method> <!-- tearDown -->
        <test-method signature="cheapFlightsLogoTest()[pri:2, instance:com.cheapflights.qa.testcases.FlightsPageTest@762ef0ea]" started-at="2019-11-06T20:27:47Z" name="cheapFlightsLogoTest" finished-at="2019-11-06T20:27:47Z" duration-ms="95" status="PASS">
          <reporter-output>
          </reporter-output>
        </test-method> <!-- cheapFlightsLogoTest -->
        <test-method is-config="true" signature="tearDown()[pri:0, instance:com.cheapflights.qa.testcases.FlightsPageTest@762ef0ea]" started-at="2019-11-06T20:27:47Z" name="tearDown" finished-at="2019-11-06T20:27:47Z" duration-ms="0" status="PASS">
          <reporter-output>
          </reporter-output>
        </test-method> <!-- tearDown -->
        <test-method signature="tripType()[pri:3, instance:com.cheapflights.qa.testcases.FlightsPageTest@762ef0ea]" started-at="2019-11-06T20:27:47Z" name="tripType" finished-at="2019-11-06T20:27:47Z" duration-ms="98" status="PASS">
          <reporter-output>
          </reporter-output>
        </test-method> <!-- tripType -->
        <test-method is-config="true" signature="tearDown()[pri:0, instance:com.cheapflights.qa.testcases.FlightsPageTest@762ef0ea]" started-at="2019-11-06T20:27:47Z" name="tearDown" finished-at="2019-11-06T20:27:47Z" duration-ms="0" status="PASS">
          <reporter-output>
          </reporter-output>
        </test-method> <!-- tearDown -->
        <test-method signature="destinationPlace()[pri:4, instance:com.cheapflights.qa.testcases.FlightsPageTest@762ef0ea]" started-at="2019-11-06T20:27:47Z" name="destinationPlace" finished-at="2019-11-06T20:27:52Z" duration-ms="5302" status="PASS">
          <reporter-output>
          </reporter-output>
        </test-method> <!-- destinationPlace -->
        <test-method signature="selectDestination()[pri:5, instance:com.cheapflights.qa.testcases.FlightsPageTest@762ef0ea]" started-at="2019-11-06T20:27:52Z" name="selectDestination" finished-at="2019-11-06T20:27:52Z" duration-ms="337" status="PASS">
          <reporter-output>
          </reporter-output>
        </test-method> <!-- selectDestination -->
        <test-method is-config="true" signature="tearDown()[pri:0, instance:com.cheapflights.qa.testcases.FlightsPageTest@762ef0ea]" started-at="2019-11-06T20:27:52Z" name="tearDown" finished-at="2019-11-06T20:27:52Z" duration-ms="0" status="PASS">
          <reporter-output>
          </reporter-output>
        </test-method> <!-- tearDown -->
        <test-method is-config="true" signature="tearDown()[pri:0, instance:com.cheapflights.qa.testcases.FlightsPageTest@762ef0ea]" started-at="2019-11-06T20:27:52Z" name="tearDown" finished-at="2019-11-06T20:27:52Z" duration-ms="0" status="PASS">
          <reporter-output>
          </reporter-output>
        </test-method> <!-- tearDown -->
        <test-method signature="tripDate()[pri:6, instance:com.cheapflights.qa.testcases.FlightsPageTest@762ef0ea]" started-at="2019-11-06T20:27:52Z" name="tripDate" finished-at="2019-11-06T20:28:00Z" duration-ms="7366" status="PASS">
          <reporter-output>
          </reporter-output>
        </test-method> <!-- tripDate -->
        <test-method is-config="true" signature="tearDown()[pri:0, instance:com.cheapflights.qa.testcases.FlightsPageTest@762ef0ea]" started-at="2019-11-06T20:28:00Z" name="tearDown" finished-at="2019-11-06T20:28:00Z" duration-ms="0" status="PASS">
          <reporter-output>
          </reporter-output>
        </test-method> <!-- tearDown -->
        <test-method signature="travelersCount()[pri:7, instance:com.cheapflights.qa.testcases.FlightsPageTest@762ef0ea]" started-at="2019-11-06T20:28:00Z" name="travelersCount" finished-at="2019-11-06T20:28:00Z" duration-ms="140" status="PASS">
          <reporter-output>
          </reporter-output>
        </test-method> <!-- travelersCount -->
        <test-method is-config="true" signature="tearDown()[pri:0, instance:com.cheapflights.qa.testcases.FlightsPageTest@762ef0ea]" started-at="2019-11-06T20:28:00Z" name="tearDown" finished-at="2019-11-06T20:28:00Z" duration-ms="0" status="PASS">
          <reporter-output>
          </reporter-output>
        </test-method> <!-- tearDown -->
      </class> <!-- com.cheapflights.qa.testcases.FlightsPageTest -->
    </test> <!-- Default test -->
  </suite> <!-- Default suite -->
</testng-results>
